<?xml version="1.0" encoding="UTF-8"?>
<!-- Generated by org.testng.reporters.JUnitReportReporter -->
<testsuite hostname="Rakshits-MacBook-Air.local" name="uniwareauto.uniwareauto.AppTest" tests="1" failures="0" timestamp="14 Jan 2019 07:52:32 GMT" time="0.008" errors="0">
  <testcase name="testApp" time="0.008" classname="uniwareauto.uniwareauto.AppTest"/>
</testsuite> <!-- uniwareauto.uniwareauto.AppTest -->
