<?xml version="1.0" encoding="UTF-8"?>
<!-- Generated by org.testng.reporters.JUnitReportReporter -->
<testsuite hostname="Rakshits-MacBook-Air.local" name="com.uniwareauto.test.LoginTest" tests="2" failures="0" timestamp="14 Jan 2019 07:52:32 GMT" time="11.732" errors="0">
  <testcase name="invalidLogin" time="0.655" classname="com.uniwareauto.test.LoginTest"/>
  <testcase name="validLogin" time="11.077" classname="com.uniwareauto.test.LoginTest"/>
</testsuite> <!-- com.uniwareauto.test.LoginTest -->
