<?xml version="1.0" encoding="UTF-8"?>
<!-- Generated by org.testng.reporters.JUnitReportReporter -->
<testsuite hostname="Rakshits-MacBook-Air.local" name="com.uniwareauto.test.LoginTest" tests="2" failures="0" timestamp="14 Jan 2019 07:57:07 GMT" time="16.213" errors="0">
  <testcase name="validLogin" time="10.101" classname="com.uniwareauto.test.LoginTest"/>
  <testcase name="invalidLogin" time="6.112" classname="com.uniwareauto.test.LoginTest"/>
</testsuite> <!-- com.uniwareauto.test.LoginTest -->
