<?xml version="1.0" encoding="UTF-8"?>
<!-- Generated by org.testng.reporters.JUnitReportReporter -->
<testsuite hostname="Rakshits-MacBook-Air.local" name="com.uniwareauto.test.HomePageTest" tests="1" failures="0" timestamp="14 Jan 2019 07:57:07 GMT" time="22.039" errors="0">
  <testcase name="createFacility" time="22.039" classname="com.uniwareauto.test.HomePageTest"/>
</testsuite> <!-- com.uniwareauto.test.HomePageTest -->
